Discos_VR/Library/Bee/Android/Prj/IL2CPP/Gradle/launcher/build/intermediates/manifest_merge_blame_file/release/manifest-merger-blame-release-report.txt
1<?xml version="1.0" encoding="utf-8"?>
2<manifest xmlns:android="http://schemas.android.com/apk/res/android"
3    package="com.DefaultCompany.Discos_VR"
4    android:installLocation="preferExternal"
5    android:versionCode="1"
6    android:versionName="0.1" >
7
8    <uses-sdk
9        android:minSdkVersion="23"
9-->src\main\AndroidManifest.xml
10        android:targetSdkVersion="30" />
10-->src\main\AndroidManifest.xml
11
12    <supports-screens
12-->src\main\AndroidManifest.xml:3:3-163
13        android:anyDensity="true"
13-->src\main\AndroidManifest.xml:3:135-160
14        android:largeScreens="true"
14-->src\main\AndroidManifest.xml:3:78-105
15        android:normalScreens="true"
15-->src\main\AndroidManifest.xml:3:49-77
16        android:smallScreens="true"
16-->src\main\AndroidManifest.xml:3:21-48
17        android:xlargeScreens="true" />
17-->src\main\AndroidManifest.xml:3:106-134
18
19    <uses-feature android:glEsVersion="0x00030000" />
19-->[:unityLibrary] AndroidManifest.xml:13:5-54
19-->[:unityLibrary] AndroidManifest.xml:13:19-51
20
21    <uses-permission android:name="android.permission.INTERNET" />
21-->[:unityLibrary] AndroidManifest.xml:15:5-67
21-->[:unityLibrary] AndroidManifest.xml:15:22-64
22    <uses-permission android:name="android.permission.ACCESS_NETWORK_STATE" />
22-->[:unityLibrary] AndroidManifest.xml:16:5-79
22-->[:unityLibrary] AndroidManifest.xml:16:22-76
23    <uses-permission android:name="android.permission.RECORD_AUDIO" />
23-->[:unityLibrary] AndroidManifest.xml:17:5-71
23-->[:unityLibrary] AndroidManifest.xml:17:22-68
24    <uses-permission android:name="android.permission.MODIFY_AUDIO_SETTINGS" />
24-->[:unityLibrary] AndroidManifest.xml:18:5-80
24-->[:unityLibrary] AndroidManifest.xml:18:22-77
25
26    <uses-feature
26-->[:unityLibrary] AndroidManifest.xml:20:5-22:36
27        android:name="android.hardware.microphone"
27-->[:unityLibrary] AndroidManifest.xml:21:9-51
28        android:required="false" />
28-->[:unityLibrary] AndroidManifest.xml:22:9-33
29    <uses-feature
29-->[:unityLibrary] AndroidManifest.xml:23:5-25:36
30        android:name="android.hardware.sensor.accelerometer"
30-->[:unityLibrary] AndroidManifest.xml:24:9-61
31        android:required="false" />
31-->[:unityLibrary] AndroidManifest.xml:25:9-33
32    <uses-feature
32-->[:unityLibrary] AndroidManifest.xml:26:5-28:36
33        android:name="android.hardware.touchscreen"
33-->[:unityLibrary] AndroidManifest.xml:27:9-52
34        android:required="false" />
34-->[:unityLibrary] AndroidManifest.xml:28:9-33
35    <uses-feature
35-->[:unityLibrary] AndroidManifest.xml:29:5-31:36
36        android:name="android.hardware.touchscreen.multitouch"
36-->[:unityLibrary] AndroidManifest.xml:30:9-63
37        android:required="false" />
37-->[:unityLibrary] AndroidManifest.xml:31:9-33
38    <uses-feature
38-->[:unityLibrary] AndroidManifest.xml:32:5-34:36
39        android:name="android.hardware.touchscreen.multitouch.distinct"
39-->[:unityLibrary] AndroidManifest.xml:33:9-72
40        android:required="false" />
40-->[:unityLibrary] AndroidManifest.xml:34:9-33
41
42    <uses-permission android:name="android.permission.CAMERA" />
42-->[:unityLibrary] AndroidManifest.xml:36:5-65
42-->[:unityLibrary] AndroidManifest.xml:36:22-62
43
44    <uses-feature android:name="android.hardware.camera" />
44-->[:unityLibrary] AndroidManifest.xml:38:5-60
44-->[:unityLibrary] AndroidManifest.xml:38:19-57
45
46    <uses-permission android:name="android.permission.MICROPHONE" />
46-->[:unityLibrary] AndroidManifest.xml:40:5-69
46-->[:unityLibrary] AndroidManifest.xml:40:22-66
47    <uses-permission android:name="android.permission.READ_EXTERNAL_STORAGE" />
47-->[:unityLibrary] AndroidManifest.xml:41:5-80
47-->[:unityLibrary] AndroidManifest.xml:41:22-77
48    <uses-permission android:name="android.permission.Write_EXTERNAL_STORAGE" />
48-->[:unityLibrary] AndroidManifest.xml:42:5-81
48-->[:unityLibrary] AndroidManifest.xml:42:22-78
49
50    <uses-feature
50-->[:unityLibrary] AndroidManifest.xml:44:5-47:31
51        android:name="android.hardware.vr.headtracking"
51-->[:unityLibrary] AndroidManifest.xml:45:9-56
52        android:required="true"
52-->[:unityLibrary] AndroidManifest.xml:46:9-32
53        android:version="1" />
53-->[:unityLibrary] AndroidManifest.xml:47:9-28
54
55    <application
55-->src\main\AndroidManifest.xml:4:3-83
56        android:extractNativeLibs="true"
56-->[:unityLibrary] AndroidManifest.xml:49:18-50
57        android:icon="@mipmap/app_icon"
57-->src\main\AndroidManifest.xml:4:49-80
58        android:label="@string/app_name" >
58-->src\main\AndroidManifest.xml:4:16-48
59        <activity
59-->[:unityLibrary] AndroidManifest.xml:50:9-75:20
60            android:name="com.unity3d.player.UnityPlayerActivity"
60-->[:unityLibrary] AndroidManifest.xml:51:13-66
61            android:configChanges="keyboard|keyboardHidden|navigation|orientation|screenLayout|screenSize|uiMode"
61-->[:unityLibrary] AndroidManifest.xml:52:13-114
62            android:hardwareAccelerated="True"
62-->[:unityLibrary] AndroidManifest.xml:53:13-47
63            android:launchMode="singleTask"
63-->[:unityLibrary] AndroidManifest.xml:54:13-44
64            android:resizeableActivity="false"
64-->[:unityLibrary] AndroidManifest.xml:55:13-47
65            android:screenOrientation="landscape"
65-->[:unityLibrary] AndroidManifest.xml:56:13-50
66            android:theme="@android:style/Theme.Black.NoTitleBar.Fullscreen"
66-->[:unityLibrary] AndroidManifest.xml:57:13-77
67            android:usesCleartextTraffic="True" >
67-->[:unityLibrary] AndroidManifest.xml:58:13-48
68            <intent-filter>
68-->[:unityLibrary] AndroidManifest.xml:59:13-64:29
69                <action android:name="android.intent.action.MAIN" />
69-->[:unityLibrary] AndroidManifest.xml:60:17-69
69-->[:unityLibrary] AndroidManifest.xml:60:25-66
70
71                <category android:name="android.intent.category.LAUNCHER" />
71-->[:unityLibrary] AndroidManifest.xml:62:17-77
71-->[:unityLibrary] AndroidManifest.xml:62:27-74
72                <category android:name="com.oculus.intent.category.VR" />
72-->[:unityLibrary] AndroidManifest.xml:63:17-74
72-->[:unityLibrary] AndroidManifest.xml:63:27-71
73            </intent-filter>
74
75            <meta-data
75-->[:unityLibrary] AndroidManifest.xml:66:13-68:40
76                android:name="unityplayer.UnityActivity"
76-->[:unityLibrary] AndroidManifest.xml:67:17-57
77                android:value="true" />
77-->[:unityLibrary] AndroidManifest.xml:68:17-37
78            <meta-data
78-->[:unityLibrary] AndroidManifest.xml:69:13-71:40
79                android:name="android.notch_support"
79-->[:unityLibrary] AndroidManifest.xml:70:17-53
80                android:value="true" />
80-->[:unityLibrary] AndroidManifest.xml:71:17-37
81            <meta-data
81-->[:unityLibrary] AndroidManifest.xml:72:13-74:40
82                android:name="com.oculus.vr.focusaware"
82-->[:unityLibrary] AndroidManifest.xml:73:17-56
83                android:value="true" />
83-->[:unityLibrary] AndroidManifest.xml:74:17-37
84        </activity>
85
86        <meta-data
86-->[:unityLibrary] AndroidManifest.xml:77:9-79:33
87            android:name="unity.splash-mode"
87-->[:unityLibrary] AndroidManifest.xml:78:13-45
88            android:value="0" />
88-->[:unityLibrary] AndroidManifest.xml:79:13-30
89        <meta-data
89-->[:unityLibrary] AndroidManifest.xml:80:9-82:36
90            android:name="unity.splash-enable"
90-->[:unityLibrary] AndroidManifest.xml:81:13-47
91            android:value="True" />
91-->[:unityLibrary] AndroidManifest.xml:82:13-33
92        <meta-data
92-->[:unityLibrary] AndroidManifest.xml:83:9-85:36
93            android:name="unity.launch-fullscreen"
93-->[:unityLibrary] AndroidManifest.xml:84:13-51
94            android:value="True" />
94-->[:unityLibrary] AndroidManifest.xml:85:13-33
95        <meta-data
95-->[:unityLibrary] AndroidManifest.xml:86:9-88:37
96            android:name="unity.allow-resizable-window"
96-->[:unityLibrary] AndroidManifest.xml:87:13-56
97            android:value="False" />
97-->[:unityLibrary] AndroidManifest.xml:88:13-34
98        <meta-data
98-->[:unityLibrary] AndroidManifest.xml:89:9-91:50
99            android:name="notch.config"
99-->[:unityLibrary] AndroidManifest.xml:90:13-40
100            android:value="portrait|landscape" />
100-->[:unityLibrary] AndroidManifest.xml:91:13-47
101        <meta-data
101-->[:unityLibrary] AndroidManifest.xml:92:9-94:39
102            android:name="com.samsung.android.vr.application.mode"
102-->[:unityLibrary] AndroidManifest.xml:93:13-67
103            android:value="vr_only" />
103-->[:unityLibrary] AndroidManifest.xml:94:13-36
104        <meta-data
104-->[:unityLibrary] AndroidManifest.xml:95:9-97:37
105            android:name="com.unity.xr.oculus.LowOverheadMode"
105-->[:unityLibrary] AndroidManifest.xml:96:13-63
106            android:value="false" />
106-->[:unityLibrary] AndroidManifest.xml:97:13-34
107        <meta-data
107-->[:unityLibrary] AndroidManifest.xml:98:9-100:44
108            android:name="com.oculus.supportedDevices"
108-->[:unityLibrary] AndroidManifest.xml:99:13-55
109            android:value="quest|quest2" />
109-->[:unityLibrary] AndroidManifest.xml:100:13-41
110    </application>
111
112</manifest>